<?xml version="1.0" encoding="UTF-8"?>
<robot generator="Robot 7.0.1 (Python 3.9.9 on win32)" generated="2024-08-17T12:58:18.118442" rpa="false" schemaversion="5">
<suite id="s1" name="ContactList" source="C:\Users\frost\PycharmProjects\robot-framework-web-automation-demo-master\test-cases\ContactList.robot">
<test id="s1-t1" name="Verify User is able to view Contacts" line="13">
<kw name="Create Session" owner="RequestsLibrary">
<msg time="2024-08-17T12:58:18.207894" level="INFO">Creating Session using : alias=my_session, url=https://thinking-tester-contact-list.herokuapp.com, headers={},                     cookies={}, auth=None, timeout=None, proxies=None, verify=False,                     debug=0 </msg>
<arg>my_session</arg>
<arg>${BASE_API}</arg>
<doc>Create Session: create a HTTP session to a server</doc>
<status status="PASS" start="2024-08-17T12:58:18.207894" elapsed="0.000000"/>
</kw>
<kw name="GET On Session" owner="RequestsLibrary">
<msg time="2024-08-17T12:58:20.556198" level="INFO">GET Request : url=https://thinking-tester-contact-list.herokuapp.com/contacts 
 path_url=/contacts 
 headers={'User-Agent': 'python-requests/2.32.3', 'Accept-Encoding': 'gzip, deflate', 'Accept': '*/*', 'Connection': 'keep-alive'} 
 body=None 
 </msg>
<msg time="2024-08-17T12:58:20.556198" level="INFO">GET Response : url=https://thinking-tester-contact-list.herokuapp.com/contacts 
 status=401, reason=Unauthorized 
 headers={'Server': 'Cowboy', 'Report-To': '{"group":"heroku-nel","max_age":3600,"endpoints":[{"url":"https://nel.heroku.com/reports?ts=1723879701&amp;sid=af571f24-03ee-46d1-9f90-ab9030c2c74c&amp;s=G98SsT73hmiq2TwSrNcsSOiFy7zV3Bl1FfGWorUI89g%3D"}]}', 'Reporting-Endpoints': 'heroku-nel=https://nel.heroku.com/reports?ts=1723879701&amp;sid=af571f24-03ee-46d1-9f90-ab9030c2c74c&amp;s=G98SsT73hmiq2TwSrNcsSOiFy7zV3Bl1FfGWorUI89g%3D', 'Nel': '{"report_to":"heroku-nel","max_age":3600,"success_fraction":0.005,"failure_fraction":0.05,"response_headers":["Via"]}', 'Connection': 'keep-alive', 'X-Powered-By': 'Express', 'Content-Type': 'application/json; charset=utf-8', 'Content-Length': '32', 'Etag': 'W/"20-l84Ae8oPqxLFOfh6GyOldXOyOfM"', 'Date': 'Sat, 17 Aug 2024 07:28:21 GMT', 'Via': '1.1 vegur'} 
 body={"error":"Please authenticate."} 
 </msg>
<msg time="2024-08-17T12:58:20.556198" level="INFO">C:\Users\frost\AppData\Local\Programs\Python\Python39\lib\site-packages\urllib3\connectionpool.py:1099: InsecureRequestWarning: Unverified HTTPS request is being made to host 'thinking-tester-contact-list.herokuapp.com'. Adding certificate verification is strongly advised. See: https://urllib3.readthedocs.io/en/latest/advanced-usage.html#tls-warnings
  warnings.warn(</msg>
<msg time="2024-08-17T12:58:20.556198" level="FAIL">HTTPError: 401 Client Error: Unauthorized for url: https://thinking-tester-contact-list.herokuapp.com/contacts</msg>
<var>${response}</var>
<arg>my_session</arg>
<arg>${RESOURCE}</arg>
<doc>Sends a GET request on a previously created HTTP Session.</doc>
<status status="FAIL" start="2024-08-17T12:58:18.207894" elapsed="2.348304">HTTPError: 401 Client Error: Unauthorized for url: https://thinking-tester-contact-list.herokuapp.com/contacts</status>
</kw>
<kw name="Should Be Equal As Numbers" owner="BuiltIn">
<arg>${response.status_code}</arg>
<arg>200</arg>
<doc>Fails if objects are unequal after converting them to real numbers.</doc>
<status status="NOT RUN" start="2024-08-17T12:58:20.556198" elapsed="0.000000"/>
</kw>
<kw name="Log" owner="BuiltIn">
<arg>${response}</arg>
<doc>Logs the given message with the given level.</doc>
<status status="NOT RUN" start="2024-08-17T12:58:20.556198" elapsed="0.000000"/>
</kw>
<status status="FAIL" start="2024-08-17T12:58:18.207894" elapsed="2.348304">HTTPError: 401 Client Error: Unauthorized for url: https://thinking-tester-contact-list.herokuapp.com/contacts</status>
</test>
<doc>This suite includes all API Testing Tests</doc>
<status status="FAIL" start="2024-08-17T12:58:18.118442" elapsed="2.437756"/>
</suite>
<statistics>
<total>
<stat pass="0" fail="1" skip="0">All Tests</stat>
</total>
<tag>
</tag>
<suite>
<stat pass="0" fail="1" skip="0" id="s1" name="ContactList">ContactList</stat>
</suite>
</statistics>
<errors>
</errors>
</robot>
